<?xml version="1.0" encoding="UTF-8"?>
<!-- Generated by org.testng.reporters.JUnitReportReporter -->
<testsuite hostname="LAPTOP-HSEHE341" failures="0" tests="1" name="com.youtube.org.BDD_YOUTUBE_ENGLISH.Demo1_Testng$Demo01_TestNG_Annotations" time="0.008" errors="0" timestamp="2021-12-17T19:40:41 IST" skipped="0">
  <testcase classname="com.youtube.org.BDD_YOUTUBE_ENGLISH.Demo1_Testng$Demo01_TestNG_Annotations" name="test" time="0.008"/>
  <system-out/>
</testsuite> <!-- com.youtube.org.BDD_YOUTUBE_ENGLISH.Demo1_Testng$Demo01_TestNG_Annotations -->
