<?xml version="1.0" encoding="UTF-8"?>
<!-- Generated by org.testng.reporters.JUnitReportReporter -->
<testsuite hostname="LAPTOP-HSEHE341" failures="0" tests="1" name="com.youtube.org.BDD_YOUTUBE_ENGLISH.Demo1_Testng" time="0.012" errors="0" timestamp="2021-12-17T19:36:04 IST" skipped="0">
  <testcase classname="com.youtube.org.BDD_YOUTUBE_ENGLISH.Demo1_Testng" name="f" time="0.012"/>
  <system-out/>
</testsuite> <!-- com.youtube.org.BDD_YOUTUBE_ENGLISH.Demo1_Testng -->
