<?xml version="1.0" encoding="UTF-8"?>
<!-- Generated by org.testng.reporters.JUnitReportReporter -->
<testsuite hostname="LAPTOP-HSEHE341" failures="0" tests="1" name="com.ebanking.testCases.FirstRunner" time="153.164" errors="0" timestamp="2022-01-09T21:19:22 IST" skipped="0">
  <testcase classname="com.ebanking.testCases.FirstRunner" name="runScenario" time="153.164"/>
  <system-out/>
</testsuite> <!-- com.ebanking.testCases.FirstRunner -->
